<?xml version="1.0" encoding="UTF-8"?>
<!-- Generated by org.testng.reporters.JUnitReportReporter -->
<testsuite hostname="LAPTOP-GCHE5QNO" failures="0" tests="4" name="Assignment_1.QuickChatAppTest" time="0.010" errors="0" timestamp="24 May 2025 18:47:17 GMT" skipped="0">
  <testcase classname="Assignment_1.QuickChatAppTest" name="testStartApplication" time="0.002"/>
  <testcase classname="Assignment_1.QuickChatAppTest" name="testGetTotalMessagesSent" time="0.003"/>
  <testcase classname="Assignment_1.QuickChatAppTest" name="testGenerateMessageId" time="0.002"/>
  <testcase classname="Assignment_1.QuickChatAppTest" name="testGetMessageStatus" time="0.003"/>
</testsuite> <!-- Assignment_1.QuickChatAppTest -->
