<?xml version="1.0" encoding="UTF-8"?>
<!-- Generated by org.testng.reporters.JUnitReportReporter -->
<testsuite hostname="LAPTOP-GCHE5QNO" failures="0" tests="1" name="Assignment_1.MainTest" time="0.000" errors="0" timestamp="24 May 2025 18:47:17 GMT" skipped="0">
  <testcase classname="Assignment_1.MainTest" name="testMain" time="0.000"/>
</testsuite> <!-- Assignment_1.MainTest -->
