<?xml version="1.0" encoding="UTF-8"?>
<!-- Generated by org.testng.reporters.JUnitReportReporter -->
<testsuite hostname="LAPTOP-GCHE5QNO" failures="0" tests="6" name="Assignment_1.LoginNGTest" time="0.007" errors="0" timestamp="24 May 2025 18:47:17 GMT" skipped="0">
  <testcase classname="Assignment_1.LoginNGTest" name="testCheckPasswordComplexity" time="0.000"/>
  <testcase classname="Assignment_1.LoginNGTest" name="testRegisterUser" time="0.000"/>
  <testcase classname="Assignment_1.LoginNGTest" name="testLoginUser" time="0.001"/>
  <testcase classname="Assignment_1.LoginNGTest" name="testReturnLoginStatus" time="0.000"/>
  <testcase classname="Assignment_1.LoginNGTest" name="testCheckUsername" time="0.000"/>
  <testcase classname="Assignment_1.LoginNGTest" name="testCheckLocalPhoneNumber" time="0.006"/>
</testsuite> <!-- Assignment_1.LoginNGTest -->
