<?xml version="1.0" encoding="UTF-8"?>
<!-- Generated by org.testng.reporters.JUnitReportReporter -->
<testsuite hostname="LAPTOP-GCHE5QNO" failures="0" tests="15" name="Assignment_1.MessageTest" time="0.070" errors="0" timestamp="24 May 2025 18:47:17 GMT" skipped="0">
  <testcase classname="Assignment_1.MessageTest" name="testIsReceived" time="0.011"/>
  <testcase classname="Assignment_1.MessageTest" name="testStoreMessage" time="0.000"/>
  <testcase classname="Assignment_1.MessageTest" name="testGetMessageNumber" time="0.000"/>
  <testcase classname="Assignment_1.MessageTest" name="testIsRead" time="0.006"/>
  <testcase classname="Assignment_1.MessageTest" name="testIsSent" time="0.006"/>
  <testcase classname="Assignment_1.MessageTest" name="testGetMessageText" time="0.006"/>
  <testcase classname="Assignment_1.MessageTest" name="testCheckMessageLength" time="0.006"/>
  <testcase classname="Assignment_1.MessageTest" name="testSetReceived" time="0.000"/>
  <testcase classname="Assignment_1.MessageTest" name="testSetRead" time="0.006"/>
  <testcase classname="Assignment_1.MessageTest" name="testGetRecipient" time="0.010"/>
  <testcase classname="Assignment_1.MessageTest" name="testSetSent" time="0.009"/>
  <testcase classname="Assignment_1.MessageTest" name="testCreateMessageHash" time="0.010"/>
  <testcase classname="Assignment_1.MessageTest" name="testGetMessageId" time="0.000"/>
  <testcase classname="Assignment_1.MessageTest" name="testGetMessageLengthError" time="0.000"/>
  <testcase classname="Assignment_1.MessageTest" name="testCheckRecipientCell" time="0.000"/>
</testsuite> <!-- Assignment_1.MessageTest -->
