<?xml version="1.0" encoding="UTF-8"?>
<!-- Generated by org.testng.reporters.JUnitReportReporter -->
<testsuite hostname="LAPTOP-GCHE5QNO" failures="0" tests="15" name="Assignment_1.MessageNGTest" time="0.005" errors="0" timestamp="24 May 2025 18:47:17 GMT" skipped="0">
  <testcase classname="Assignment_1.MessageNGTest" name="testIsRead" time="0.001"/>
  <testcase classname="Assignment_1.MessageNGTest" name="testGetMessageNumber" time="0.000"/>
  <testcase classname="Assignment_1.MessageNGTest" name="testCheckRecipientCell" time="0.000"/>
  <testcase classname="Assignment_1.MessageNGTest" name="testGetMessageLengthError" time="0.002"/>
  <testcase classname="Assignment_1.MessageNGTest" name="testSetReceived" time="0.001"/>
  <testcase classname="Assignment_1.MessageNGTest" name="testCheckMessageLength" time="0.001"/>
  <testcase classname="Assignment_1.MessageNGTest" name="testGetMessageId" time="0.000"/>
  <testcase classname="Assignment_1.MessageNGTest" name="testStoreMessage" time="0.000"/>
  <testcase classname="Assignment_1.MessageNGTest" name="testGetRecipient" time="0.000"/>
  <testcase classname="Assignment_1.MessageNGTest" name="testIsSent" time="0.000"/>
  <testcase classname="Assignment_1.MessageNGTest" name="testSetRead" time="0.000"/>
  <testcase classname="Assignment_1.MessageNGTest" name="testCreateMessageHash" time="0.000"/>
  <testcase classname="Assignment_1.MessageNGTest" name="testIsReceived" time="0.000"/>
  <testcase classname="Assignment_1.MessageNGTest" name="testGetMessageText" time="0.000"/>
  <testcase classname="Assignment_1.MessageNGTest" name="testSetSent" time="0.000"/>
</testsuite> <!-- Assignment_1.MessageNGTest -->
