<?xml version="1.0" encoding="UTF-8"?>
<!-- Generated by org.testng.reporters.JUnitReportReporter -->
<testsuite hostname="LAPTOP-GCHE5QNO" failures="0" tests="4" name="Assignment_1.QuickChatAppNGTest" time="0.003" errors="0" timestamp="24 May 2025 18:47:17 GMT" skipped="0">
  <testcase classname="Assignment_1.QuickChatAppNGTest" name="testGetTotalMessagesSent" time="0.001"/>
  <testcase classname="Assignment_1.QuickChatAppNGTest" name="testGetMessageStatus" time="0.000"/>
  <testcase classname="Assignment_1.QuickChatAppNGTest" name="testGenerateMessageId" time="0.001"/>
  <testcase classname="Assignment_1.QuickChatAppNGTest" name="testStartApplication" time="0.001"/>
</testsuite> <!-- Assignment_1.QuickChatAppNGTest -->
