<?xml version="1.0" encoding="UTF-8"?>
<!-- Generated by org.testng.reporters.JUnitReportReporter -->
<testsuite hostname="LAPTOP-GCHE5QNO" failures="0" tests="6" name="Assignment_1.LoginTest" time="0.164" errors="0" timestamp="24 May 2025 18:47:17 GMT" skipped="0">
  <testcase classname="Assignment_1.LoginTest" name="testCheckPasswordComplexity" time="0.027"/>
  <testcase classname="Assignment_1.LoginTest" name="testCheckUsername" time="0.030"/>
  <testcase classname="Assignment_1.LoginTest" name="testCheckLocalPhoneNumber" time="0.029"/>
  <testcase classname="Assignment_1.LoginTest" name="testRegisterUser" time="0.026"/>
  <testcase classname="Assignment_1.LoginTest" name="testLoginUser" time="0.026"/>
  <testcase classname="Assignment_1.LoginTest" name="testReturnLoginStatus" time="0.026"/>
</testsuite> <!-- Assignment_1.LoginTest -->
